<?xml version="1.0" encoding="UTF-8"?>
<!-- Generated by org.testng.reporters.JUnitXMLReporter -->
<testsuite hostname="DESKTOP-D76T6KT" ignored="0" name="Test" tests="4" failures="0" timestamp="2023-02-23T21:16:06 IST" time="16.232" errors="0">
  <testcase name="yogi" time="9.661" classname="TestNGFeatures.ParallelTesting"/>
  <testcase name="yogi2" time="10.727" classname="TestNGFeatures.ParallelTesting2"/>
  <testcase name="yogi1" time="5.994" classname="TestNGFeatures.ParallelTesting"/>
  <testcase name="yogi3" time="5.441" classname="TestNGFeatures.ParallelTesting2"/>
</testsuite> <!-- Test -->
