<?xml version="1.0" encoding="UTF-8"?>
<!-- Generated by org.testng.reporters.JUnitXMLReporter -->
<testsuite hostname="DESKTOP-D76T6KT" ignored="0" name="Default test" tests="4" failures="0" timestamp="2023-02-15T18:55:54 IST" time="0.219" errors="0">
  <testcase name="method1" time="0.011" classname="TestNGFeatures.DependsOnGroupsAnnotation"/>
  <testcase name="method3" time="0.011" classname="TestNGFeatures.DependsOnGroupsAnnotation"/>
  <testcase name="method4" time="0.004" classname="TestNGFeatures.DependsOnGroupsAnnotation"/>
  <testcase name="method2" time="0.007" classname="TestNGFeatures.DependsOnGroupsAnnotation"/>
</testsuite> <!-- Default test -->
